<prefix>.slurmctld.stats.bf_cycle_sum 108882089 1463361581
<prefix>.slurmctld.stats.bf_queue_len_sum 3018 1463361581
<prefix>.slurmctld.stats.bf_last_backfilled_jobs 26 1463361581
<prefix>.slurmctld.stats.bf_when_last_cycle 1463361522 1463361581
<prefix>.slurmctld.stats.bf_last_depth 25 1463361581
<prefix>.slurmctld.stats.schedule_cycle_sum 10001846 1463361581
<prefix>.slurmctld.stats.bf_queue_len 25 1463361581
<prefix>.slurmctld.stats.schedule_cycle_last 24034 1463361581
<prefix>.slurmctld.stats.bf_active 0 1463361581
<prefix>.slurmctld.stats.schedule_queue_len 26 1463361581
<prefix>.slurmctld.stats.schedule_cycle_depth 32529 1463361581
<prefix>.slurmctld.stats.req_time_start 1463356800 1463361581
<prefix>.slurmctld.stats.jobs_submitted 151 1463361581
<prefix>.slurmctld.stats.bf_cycle_counter 70 1463361581
<prefix>.slurmctld.stats.bf_cycle_last 31905 1463361581
<prefix>.slurmctld.stats.bf_cycle_max 11272543 1463361581
<prefix>.slurmctld.stats.schedule_cycle_max 62135 1463361581
<prefix>.slurmctld.stats.rpc_type_stats.REQUEST_COMPLETE_JOB_ALLOCATION.count 4 1463361581
<prefix>.slurmctld.stats.rpc_type_stats.REQUEST_COMPLETE_JOB_ALLOCATION.total_time 2252936 1463361581
<prefix>.slurmctld.stats.rpc_type_stats.REQUEST_COMPLETE_JOB_ALLOCATION.id 5017 1463361581
<prefix>.slurmctld.stats.rpc_type_stats.REQUEST_COMPLETE_JOB_ALLOCATION.ave_time 563234 1463361581
<prefix>.slurmctld.stats.rpc_type_stats.REQUEST_SUBMIT_BATCH_JOB.count 11841 1463361581
<prefix>.slurmctld.stats.rpc_type_stats.REQUEST_SUBMIT_BATCH_JOB.total_time 43958220158 1463361581
<prefix>.slurmctld.stats.rpc_type_stats.REQUEST_SUBMIT_BATCH_JOB.id 4003 1463361581
<prefix>.slurmctld.stats.rpc_type_stats.REQUEST_SUBMIT_BATCH_JOB.ave_time 3712373 1463361581
<prefix>.slurmctld.stats.rpc_type_stats.REQUEST_JOB_INFO_SINGLE.count 7455 1463361581
<prefix>.slurmctld.stats.rpc_type_stats.REQUEST_JOB_INFO_SINGLE.total_time 3349374095 1463361581
<prefix>.slurmctld.stats.rpc_type_stats.REQUEST_JOB_INFO_SINGLE.id 2021 1463361581
<prefix>.slurmctld.stats.rpc_type_stats.REQUEST_JOB_INFO_SINGLE.ave_time 449278 1463361581
<prefix>.slurmctld.stats.rpc_type_stats.REQUEST_JOB_ALLOCATION_INFO_LITE.count 1385 1463361581
<prefix>.slurmctld.stats.rpc_type_stats.REQUEST_JOB_ALLOCATION_INFO_LITE.total_time 1265572216 1463361581
<prefix>.slurmctld.stats.rpc_type_stats.REQUEST_JOB_ALLOCATION_INFO_LITE.id 4016 1463361581
<prefix>.slurmctld.stats.rpc_type_stats.REQUEST_JOB_ALLOCATION_INFO_LITE.ave_time 913770 1463361581
<prefix>.slurmctld.stats.rpc_type_stats.REQUEST_JOB_USER_INFO.count 2899 1463361581
<prefix>.slurmctld.stats.rpc_type_stats.REQUEST_JOB_USER_INFO.total_time 1132373924 1463361581
<prefix>.slurmctld.stats.rpc_type_stats.REQUEST_JOB_USER_INFO.id 2039 1463361581
<prefix>.slurmctld.stats.rpc_type_stats.REQUEST_JOB_USER_INFO.ave_time 390608 1463361581
<prefix>.slurmctld.stats.rpc_type_stats.REQUEST_NODE_INFO_SINGLE.count 3992 1463361581
<prefix>.slurmctld.stats.rpc_type_stats.REQUEST_NODE_INFO_SINGLE.total_time 58915042 1463361581
<prefix>.slurmctld.stats.rpc_type_stats.REQUEST_NODE_INFO_SINGLE.id 2040 1463361581
<prefix>.slurmctld.stats.rpc_type_stats.REQUEST_NODE_INFO_SINGLE.ave_time 14758 1463361581
<prefix>.slurmctld.stats.rpc_type_stats.REQUEST_LICENSE_INFO.count 10 1463361581
<prefix>.slurmctld.stats.rpc_type_stats.REQUEST_LICENSE_INFO.total_time 2835 1463361581
<prefix>.slurmctld.stats.rpc_type_stats.REQUEST_LICENSE_INFO.id 1021 1463361581
<prefix>.slurmctld.stats.rpc_type_stats.REQUEST_LICENSE_INFO.ave_time 283 1463361581
<prefix>.slurmctld.stats.rpc_type_stats.REQUEST_STEP_COMPLETE.count 1431 1463361581
<prefix>.slurmctld.stats.rpc_type_stats.REQUEST_STEP_COMPLETE.total_time 536672412 1463361581
<prefix>.slurmctld.stats.rpc_type_stats.REQUEST_STEP_COMPLETE.id 5016 1463361581
<prefix>.slurmctld.stats.rpc_type_stats.REQUEST_STEP_COMPLETE.ave_time 375033 1463361581
<prefix>.slurmctld.stats.rpc_type_stats.REQUEST_JOB_READY.count 11 1463361581
<prefix>.slurmctld.stats.rpc_type_stats.REQUEST_JOB_READY.total_time 6779293 1463361581
<prefix>.slurmctld.stats.rpc_type_stats.REQUEST_JOB_READY.id 4019 1463361581
<prefix>.slurmctld.stats.rpc_type_stats.REQUEST_JOB_READY.ave_time 616299 1463361581
<prefix>.slurmctld.stats.rpc_type_stats.REQUEST_PARTITION_INFO.count 35696 1463361581
<prefix>.slurmctld.stats.rpc_type_stats.REQUEST_PARTITION_INFO.total_time 1031326542 1463361581
<prefix>.slurmctld.stats.rpc_type_stats.REQUEST_PARTITION_INFO.id 2009 1463361581
<prefix>.slurmctld.stats.rpc_type_stats.REQUEST_PARTITION_INFO.ave_time 28891 1463361581
<prefix>.slurmctld.stats.rpc_type_stats.ACCOUNTING_UPDATE_MSG.count 15 1463361581
<prefix>.slurmctld.stats.rpc_type_stats.ACCOUNTING_UPDATE_MSG.total_time 7822580 1463361581
<prefix>.slurmctld.stats.rpc_type_stats.ACCOUNTING_UPDATE_MSG.id 10001 1463361581
<prefix>.slurmctld.stats.rpc_type_stats.ACCOUNTING_UPDATE_MSG.ave_time 521505 1463361581
<prefix>.slurmctld.stats.rpc_type_stats.REQUEST_RESERVATION_INFO.count 2523 1463361581
<prefix>.slurmctld.stats.rpc_type_stats.REQUEST_RESERVATION_INFO.total_time 320329126 1463361581
<prefix>.slurmctld.stats.rpc_type_stats.REQUEST_RESERVATION_INFO.id 2024 1463361581
<prefix>.slurmctld.stats.rpc_type_stats.REQUEST_RESERVATION_INFO.ave_time 126963 1463361581
<prefix>.slurmctld.stats.rpc_type_stats.REQUEST_CREATE_RESERVATION.count 3 1463361581
<prefix>.slurmctld.stats.rpc_type_stats.REQUEST_CREATE_RESERVATION.total_time 155062 1463361581
<prefix>.slurmctld.stats.rpc_type_stats.REQUEST_CREATE_RESERVATION.id 3006 1463361581
<prefix>.slurmctld.stats.rpc_type_stats.REQUEST_CREATE_RESERVATION.ave_time 51687 1463361581
<prefix>.slurmctld.stats.rpc_type_stats.REQUEST_JOB_STEP_CREATE.count 10467 1463361581
<prefix>.slurmctld.stats.rpc_type_stats.REQUEST_JOB_STEP_CREATE.total_time 4778429560 1463361581
<prefix>.slurmctld.stats.rpc_type_stats.REQUEST_JOB_STEP_CREATE.id 5001 1463361581
<prefix>.slurmctld.stats.rpc_type_stats.REQUEST_JOB_STEP_CREATE.ave_time 456523 1463361581
<prefix>.slurmctld.stats.rpc_type_stats.REQUEST_JOB_REQUEUE.count 1 1463361581
<prefix>.slurmctld.stats.rpc_type_stats.REQUEST_JOB_REQUEUE.total_time 79854 1463361581
<prefix>.slurmctld.stats.rpc_type_stats.REQUEST_JOB_REQUEUE.id 5023 1463361581
<prefix>.slurmctld.stats.rpc_type_stats.REQUEST_JOB_REQUEUE.ave_time 79854 1463361581
<prefix>.slurmctld.stats.rpc_type_stats.REQUEST_JOB_INFO.count 27022 1463361581
<prefix>.slurmctld.stats.rpc_type_stats.REQUEST_JOB_INFO.total_time 14929200860 1463361581
<prefix>.slurmctld.stats.rpc_type_stats.REQUEST_JOB_INFO.id 2003 1463361581
<prefix>.slurmctld.stats.rpc_type_stats.REQUEST_JOB_INFO.ave_time 552483 1463361581
<prefix>.slurmctld.stats.rpc_type_stats.REQUEST_NODE_INFO.count 15030 1463361581
<prefix>.slurmctld.stats.rpc_type_stats.REQUEST_NODE_INFO.total_time 5930642199 1463361581
<prefix>.slurmctld.stats.rpc_type_stats.REQUEST_NODE_INFO.id 2007 1463361581
<prefix>.slurmctld.stats.rpc_type_stats.REQUEST_NODE_INFO.ave_time 394586 1463361581
<prefix>.slurmctld.stats.rpc_type_stats.REQUEST_UPDATE_RESERVATION.count 12 1463361581
<prefix>.slurmctld.stats.rpc_type_stats.REQUEST_UPDATE_RESERVATION.total_time 8304340 1463361581
<prefix>.slurmctld.stats.rpc_type_stats.REQUEST_UPDATE_RESERVATION.id 3009 1463361581
<prefix>.slurmctld.stats.rpc_type_stats.REQUEST_UPDATE_RESERVATION.ave_time 692028 1463361581
<prefix>.slurmctld.stats.rpc_type_stats.REQUEST_UPDATE_JOB.count 2 1463361581
<prefix>.slurmctld.stats.rpc_type_stats.REQUEST_UPDATE_JOB.total_time 2512466 1463361581
<prefix>.slurmctld.stats.rpc_type_stats.REQUEST_UPDATE_JOB.id 3001 1463361581
<prefix>.slurmctld.stats.rpc_type_stats.REQUEST_UPDATE_JOB.ave_time 1256233 1463361581
<prefix>.slurmctld.stats.rpc_type_stats.REQUEST_COMPLETE_PROLOG.count 18574 1463361581
<prefix>.slurmctld.stats.rpc_type_stats.REQUEST_COMPLETE_PROLOG.total_time 19684681382 1463361581
<prefix>.slurmctld.stats.rpc_type_stats.REQUEST_COMPLETE_PROLOG.id 6018 1463361581
<prefix>.slurmctld.stats.rpc_type_stats.REQUEST_COMPLETE_PROLOG.ave_time 1059797 1463361581
<prefix>.slurmctld.stats.rpc_type_stats.REQUEST_COMPLETE_BATCH_SCRIPT.count 14037 1463361581
<prefix>.slurmctld.stats.rpc_type_stats.REQUEST_COMPLETE_BATCH_SCRIPT.total_time 9816598375 1463361581
<prefix>.slurmctld.stats.rpc_type_stats.REQUEST_COMPLETE_BATCH_SCRIPT.id 5018 1463361581
<prefix>.slurmctld.stats.rpc_type_stats.REQUEST_COMPLETE_BATCH_SCRIPT.ave_time 699337 1463361581
<prefix>.slurmctld.stats.rpc_type_stats.REQUEST_KILL_JOB.count 331 1463361581
<prefix>.slurmctld.stats.rpc_type_stats.REQUEST_KILL_JOB.total_time 88317792 1463361581
<prefix>.slurmctld.stats.rpc_type_stats.REQUEST_KILL_JOB.id 5032 1463361581
<prefix>.slurmctld.stats.rpc_type_stats.REQUEST_KILL_JOB.ave_time 266821 1463361581
<prefix>.slurmctld.stats.rpc_type_stats.MESSAGE_NODE_REGISTRATION_STATUS.count 10040 1463361581
<prefix>.slurmctld.stats.rpc_type_stats.MESSAGE_NODE_REGISTRATION_STATUS.total_time 831507771 1463361581
<prefix>.slurmctld.stats.rpc_type_stats.MESSAGE_NODE_REGISTRATION_STATUS.id 1002 1463361581
<prefix>.slurmctld.stats.rpc_type_stats.MESSAGE_NODE_REGISTRATION_STATUS.ave_time 82819 1463361581
<prefix>.slurmctld.stats.rpc_type_stats.REQUEST_JOB_NOTIFY.count 5 1463361581
<prefix>.slurmctld.stats.rpc_type_stats.REQUEST_JOB_NOTIFY.total_time 4613081 1463361581
<prefix>.slurmctld.stats.rpc_type_stats.REQUEST_JOB_NOTIFY.id 4022 1463361581
<prefix>.slurmctld.stats.rpc_type_stats.REQUEST_JOB_NOTIFY.ave_time 922616 1463361581
<prefix>.slurmctld.stats.rpc_type_stats.REQUEST_CANCEL_JOB_STEP.count 704 1463361581
<prefix>.slurmctld.stats.rpc_type_stats.REQUEST_CANCEL_JOB_STEP.total_time 155804291 1463361581
<prefix>.slurmctld.stats.rpc_type_stats.REQUEST_CANCEL_JOB_STEP.id 5005 1463361581
<prefix>.slurmctld.stats.rpc_type_stats.REQUEST_CANCEL_JOB_STEP.ave_time 221312 1463361581
<prefix>.slurmctld.stats.rpc_type_stats.REQUEST_RESOURCE_ALLOCATION.count 7 1463361581
<prefix>.slurmctld.stats.rpc_type_stats.REQUEST_RESOURCE_ALLOCATION.total_time 31771581 1463361581
<prefix>.slurmctld.stats.rpc_type_stats.REQUEST_RESOURCE_ALLOCATION.id 4001 1463361581
<prefix>.slurmctld.stats.rpc_type_stats.REQUEST_RESOURCE_ALLOCATION.ave_time 4538797 1463361581
<prefix>.slurmctld.stats.rpc_type_stats.REQUEST_STATS_INFO.count 305 1463361581
<prefix>.slurmctld.stats.rpc_type_stats.REQUEST_STATS_INFO.total_time 87778 1463361581
<prefix>.slurmctld.stats.rpc_type_stats.REQUEST_STATS_INFO.id 2035 1463361581
<prefix>.slurmctld.stats.rpc_type_stats.REQUEST_STATS_INFO.ave_time 287 1463361581
<prefix>.slurmctld.stats.rpc_type_stats.MESSAGE_EPILOG_COMPLETE.count 20381 1463361581
<prefix>.slurmctld.stats.rpc_type_stats.MESSAGE_EPILOG_COMPLETE.total_time 21826268633 1463361581
<prefix>.slurmctld.stats.rpc_type_stats.MESSAGE_EPILOG_COMPLETE.id 6012 1463361581
<prefix>.slurmctld.stats.rpc_type_stats.MESSAGE_EPILOG_COMPLETE.ave_time 1070912 1463361581
<prefix>.slurmctld.stats.bf_backfilled_jobs 2514 1463361581
<prefix>.slurmctld.stats.req_time 1463361581 1463361581
<prefix>.slurmctld.stats.parts_packed 1 1463361581
<prefix>.slurmctld.stats.bf_last_depth_try 24 1463361581
<prefix>.slurmctld.stats.jobs_failed 0 1463361581
<prefix>.slurmctld.stats.schedule_cycle_counter 712 1463361581
<prefix>.slurmctld.stats.jobs_canceled 10 1463361581
<prefix>.slurmctld.stats.jobs_completed 563 1463361581
<prefix>.slurmctld.stats.bf_depth_try_sum 2458 1463361581
<prefix>.slurmctld.stats.bf_depth_sum 3018 1463361581
<prefix>.slurmctld.stats.server_thread_count 3 1463361581
<prefix>.slurmctld.stats.agent_queue_size 0 1463361581
<prefix>.slurmctld.stats.jobs_started 243 1463361581
